{"C:\\Users\\Javohir\\Desktop\\node\\express\\server\\api.js": {"path":"C:\\Users\\Javohir\\Desktop\\node\\express\\server\\api.js","statementMap":{"0":{"start":{"line":1,"column":15},"end":{"line":1,"column":42}},"1":{"start":{"line":2,"column":14},"end":{"line":2,"column":30}},"2":{"start":{"line":4,"column":0},"end":{"line":15,"column":2}},"3":{"start":{"line":5,"column":4},"end":{"line":13,"column":5}},"4":{"start":{"line":6,"column":25},"end":{"line":6,"column":86}},"5":{"start":{"line":7,"column":8},"end":{"line":10,"column":11}},"6":{"start":{"line":12,"column":8},"end":{"line":12,"column":27}},"7":{"start":{"line":17,"column":0},"end":{"line":29,"column":2}},"8":{"start":{"line":18,"column":4},"end":{"line":27,"column":5}},"9":{"start":{"line":19,"column":23},"end":{"line":19,"column":36}},"10":{"start":{"line":20,"column":25},"end":{"line":20,"column":96}},"11":{"start":{"line":21,"column":8},"end":{"line":24,"column":11}},"12":{"start":{"line":26,"column":8},"end":{"line":26,"column":27}},"13":{"start":{"line":30,"column":0},"end":{"line":30,"column":23}}},"fnMap":{"0":{"name":"(anonymous_0)","decl":{"start":{"line":4,"column":16},"end":{"line":4,"column":17}},"loc":{"start":{"line":4,"column":36},"end":{"line":15,"column":1}},"line":4},"1":{"name":"(anonymous_1)","decl":{"start":{"line":17,"column":19},"end":{"line":17,"column":20}},"loc":{"start":{"line":17,"column":39},"end":{"line":29,"column":1}},"line":17}},"branchMap":{},"s":{"0":1,"1":1,"2":1,"3":1,"4":1,"5":1,"6":0,"7":1,"8":1,"9":1,"10":1,"11":1,"12":0,"13":1},"f":{"0":1,"1":1},"b":{},"_coverageSchema":"1a1c01bbd47fc00a2c39e90264f33305004495a9","hash":"4061ff5b4d8b0f5c8e175ef0f5c2d1c9d1b30522"}
,"C:\\Users\\Javohir\\Desktop\\node\\express\\server\\app.js": {"path":"C:\\Users\\Javohir\\Desktop\\node\\express\\server\\app.js","statementMap":{"0":{"start":{"line":1,"column":16},"end":{"line":1,"column":34}},"1":{"start":{"line":2,"column":17},"end":{"line":2,"column":36}},"2":{"start":{"line":3,"column":15},"end":{"line":3,"column":32}},"3":{"start":{"line":5,"column":12},"end":{"line":5,"column":21}},"4":{"start":{"line":6,"column":0},"end":{"line":6,"column":24}},"5":{"start":{"line":8,"column":0},"end":{"line":8,"column":16}},"6":{"start":{"line":10,"column":18},"end":{"line":10,"column":40}},"7":{"start":{"line":11,"column":0},"end":{"line":11,"column":12}},"8":{"start":{"line":13,"column":19},"end":{"line":13,"column":49}},"9":{"start":{"line":14,"column":19},"end":{"line":14,"column":49}},"10":{"start":{"line":15,"column":12},"end":{"line":15,"column":28}},"11":{"start":{"line":17,"column":0},"end":{"line":17,"column":34}},"12":{"start":{"line":18,"column":0},"end":{"line":18,"column":34}},"13":{"start":{"line":19,"column":0},"end":{"line":19,"column":36}},"14":{"start":{"line":22,"column":0},"end":{"line":22,"column":20}}},"fnMap":{},"branchMap":{},"s":{"0":1,"1":1,"2":1,"3":1,"4":1,"5":1,"6":1,"7":1,"8":1,"9":1,"10":1,"11":1,"12":1,"13":1,"14":1},"f":{},"b":{},"_coverageSchema":"1a1c01bbd47fc00a2c39e90264f33305004495a9","hash":"554dbcb0c4932c5f788bdb71757c0743591f6dee"}
,"C:\\Users\\Javohir\\Desktop\\node\\express\\server\\config\\db.js": {"path":"C:\\Users\\Javohir\\Desktop\\node\\express\\server\\config\\db.js","statementMap":{"0":{"start":{"line":1,"column":17},"end":{"line":1,"column":36}},"1":{"start":{"line":2,"column":15},"end":{"line":2,"column":32}},"2":{"start":{"line":3,"column":0},"end":{"line":3,"column":16}},"3":{"start":{"line":5,"column":18},"end":{"line":13,"column":1}},"4":{"start":{"line":6,"column":4},"end":{"line":12,"column":5}},"5":{"start":{"line":7,"column":8},"end":{"line":7,"column":54}},"6":{"start":{"line":8,"column":8},"end":{"line":8,"column":67}},"7":{"start":{"line":10,"column":8},"end":{"line":10,"column":82}},"8":{"start":{"line":11,"column":8},"end":{"line":11,"column":24}},"9":{"start":{"line":15,"column":0},"end":{"line":15,"column":27}}},"fnMap":{"0":{"name":"(anonymous_0)","decl":{"start":{"line":5,"column":18},"end":{"line":5,"column":19}},"loc":{"start":{"line":5,"column":30},"end":{"line":13,"column":1}},"line":5}},"branchMap":{},"s":{"0":1,"1":1,"2":1,"3":1,"4":1,"5":1,"6":1,"7":0,"8":0,"9":1},"f":{"0":1},"b":{},"_coverageSchema":"1a1c01bbd47fc00a2c39e90264f33305004495a9","hash":"ed27e4b39469ca0100d9a996cadf3227a82e32dc"}
,"C:\\Users\\Javohir\\Desktop\\node\\express\\server\\controllers\\examController.js": {"path":"C:\\Users\\Javohir\\Desktop\\node\\express\\server\\controllers\\examController.js","statementMap":{"0":{"start":{"line":1,"column":13},"end":{"line":1,"column":43}},"1":{"start":{"line":2,"column":13},"end":{"line":2,"column":39}},"2":{"start":{"line":3,"column":17},"end":{"line":3,"column":51}},"3":{"start":{"line":6,"column":4},"end":{"line":40,"column":5}},"4":{"start":{"line":7,"column":53},"end":{"line":7,"column":61}},"5":{"start":{"line":9,"column":27},"end":{"line":9,"column":70}},"6":{"start":{"line":10,"column":8},"end":{"line":15,"column":9}},"7":{"start":{"line":11,"column":12},"end":{"line":14,"column":15}},"8":{"start":{"line":18,"column":24},"end":{"line":23,"column":10}},"9":{"start":{"line":26,"column":8},"end":{"line":26,"column":29}},"10":{"start":{"line":29,"column":8},"end":{"line":32,"column":11}},"11":{"start":{"line":35,"column":8},"end":{"line":39,"column":11}},"12":{"start":{"line":45,"column":4},"end":{"line":58,"column":5}},"13":{"start":{"line":46,"column":22},"end":{"line":46,"column":41}},"14":{"start":{"line":47,"column":8},"end":{"line":51,"column":11}},"15":{"start":{"line":53,"column":8},"end":{"line":57,"column":11}},"16":{"start":{"line":63,"column":4},"end":{"line":77,"column":5}},"17":{"start":{"line":64,"column":28},"end":{"line":64,"column":50}},"18":{"start":{"line":65,"column":8},"end":{"line":65,"column":33}},"19":{"start":{"line":67,"column":8},"end":{"line":70,"column":11}},"20":{"start":{"line":72,"column":8},"end":{"line":76,"column":11}},"21":{"start":{"line":81,"column":4},"end":{"line":113,"column":5}},"22":{"start":{"line":82,"column":25},"end":{"line":82,"column":69}},"23":{"start":{"line":83,"column":8},"end":{"line":88,"column":9}},"24":{"start":{"line":84,"column":12},"end":{"line":87,"column":15}},"25":{"start":{"line":90,"column":21},"end":{"line":90,"column":57}},"26":{"start":{"line":91,"column":8},"end":{"line":96,"column":9}},"27":{"start":{"line":92,"column":12},"end":{"line":95,"column":15}},"28":{"start":{"line":98,"column":8},"end":{"line":98,"column":62}},"29":{"start":{"line":100,"column":8},"end":{"line":100,"column":98}},"30":{"start":{"line":100,"column":61},"end":{"line":100,"column":96}},"31":{"start":{"line":101,"column":8},"end":{"line":101,"column":26}},"32":{"start":{"line":103,"column":8},"end":{"line":106,"column":11}},"33":{"start":{"line":108,"column":8},"end":{"line":112,"column":11}},"34":{"start":{"line":116,"column":0},"end":{"line":116,"column":75}}},"fnMap":{"0":{"name":"createExam","decl":{"start":{"line":5,"column":15},"end":{"line":5,"column":25}},"loc":{"start":{"line":5,"column":36},"end":{"line":41,"column":1}},"line":5},"1":{"name":"getExam","decl":{"start":{"line":44,"column":15},"end":{"line":44,"column":22}},"loc":{"start":{"line":44,"column":33},"end":{"line":59,"column":1}},"line":44},"2":{"name":"addQuestionToExam","decl":{"start":{"line":62,"column":15},"end":{"line":62,"column":32}},"loc":{"start":{"line":62,"column":43},"end":{"line":78,"column":1}},"line":62},"3":{"name":"deleteQuestion","decl":{"start":{"line":80,"column":15},"end":{"line":80,"column":29}},"loc":{"start":{"line":80,"column":40},"end":{"line":114,"column":1}},"line":80},"4":{"name":"(anonymous_4)","decl":{"start":{"line":100,"column":47},"end":{"line":100,"column":48}},"loc":{"start":{"line":100,"column":61},"end":{"line":100,"column":96}},"line":100}},"branchMap":{"0":{"loc":{"start":{"line":10,"column":8},"end":{"line":15,"column":9}},"type":"if","locations":[{"start":{"line":10,"column":8},"end":{"line":15,"column":9}},{"start":{},"end":{}}],"line":10},"1":{"loc":{"start":{"line":83,"column":8},"end":{"line":88,"column":9}},"type":"if","locations":[{"start":{"line":83,"column":8},"end":{"line":88,"column":9}},{"start":{},"end":{}}],"line":83},"2":{"loc":{"start":{"line":91,"column":8},"end":{"line":96,"column":9}},"type":"if","locations":[{"start":{"line":91,"column":8},"end":{"line":96,"column":9}},{"start":{},"end":{}}],"line":91}},"s":{"0":1,"1":1,"2":1,"3":0,"4":0,"5":0,"6":0,"7":0,"8":0,"9":0,"10":0,"11":0,"12":0,"13":0,"14":0,"15":0,"16":0,"17":0,"18":0,"19":0,"20":0,"21":0,"22":0,"23":0,"24":0,"25":0,"26":0,"27":0,"28":0,"29":0,"30":0,"31":0,"32":0,"33":0,"34":1},"f":{"0":0,"1":0,"2":0,"3":0,"4":0},"b":{"0":[0,0],"1":[0,0],"2":[0,0]},"_coverageSchema":"1a1c01bbd47fc00a2c39e90264f33305004495a9","hash":"9713d3e74330aad325786a4ee482e8013e538002"}
,"C:\\Users\\Javohir\\Desktop\\node\\express\\server\\controllers\\userController.js": {"path":"C:\\Users\\Javohir\\Desktop\\node\\express\\server\\controllers\\userController.js","statementMap":{"0":{"start":{"line":1,"column":13},"end":{"line":1,"column":39}},"1":{"start":{"line":2,"column":15},"end":{"line":2,"column":32}},"2":{"start":{"line":3,"column":12},"end":{"line":3,"column":35}},"3":{"start":{"line":6,"column":4},"end":{"line":32,"column":5}},"4":{"start":{"line":7,"column":27},"end":{"line":7,"column":72}},"5":{"start":{"line":8,"column":8},"end":{"line":13,"column":9}},"6":{"start":{"line":9,"column":12},"end":{"line":12,"column":15}},"7":{"start":{"line":14,"column":24},"end":{"line":19,"column":17}},"8":{"start":{"line":21,"column":8},"end":{"line":24,"column":11}},"9":{"start":{"line":27,"column":8},"end":{"line":31,"column":11}},"10":{"start":{"line":36,"column":4},"end":{"line":68,"column":5}},"11":{"start":{"line":37,"column":21},"end":{"line":37,"column":66}},"12":{"start":{"line":38,"column":8},"end":{"line":43,"column":9}},"13":{"start":{"line":39,"column":12},"end":{"line":42,"column":15}},"14":{"start":{"line":44,"column":30},"end":{"line":44,"column":84}},"15":{"start":{"line":45,"column":8},"end":{"line":50,"column":9}},"16":{"start":{"line":46,"column":12},"end":{"line":49,"column":15}},"17":{"start":{"line":51,"column":22},"end":{"line":55,"column":9}},"18":{"start":{"line":57,"column":8},"end":{"line":61,"column":11}},"19":{"start":{"line":63,"column":8},"end":{"line":67,"column":11}},"20":{"start":{"line":72,"column":4},"end":{"line":85,"column":5}},"21":{"start":{"line":73,"column":21},"end":{"line":73,"column":57}},"22":{"start":{"line":74,"column":8},"end":{"line":78,"column":11}},"23":{"start":{"line":80,"column":8},"end":{"line":84,"column":11}},"24":{"start":{"line":89,"column":4},"end":{"line":102,"column":5}},"25":{"start":{"line":90,"column":22},"end":{"line":90,"column":41}},"26":{"start":{"line":91,"column":8},"end":{"line":95,"column":11}},"27":{"start":{"line":97,"column":8},"end":{"line":101,"column":11}},"28":{"start":{"line":106,"column":4},"end":{"line":118,"column":5}},"29":{"start":{"line":107,"column":8},"end":{"line":107,"column":54}},"30":{"start":{"line":108,"column":8},"end":{"line":111,"column":11}},"31":{"start":{"line":113,"column":8},"end":{"line":117,"column":11}},"32":{"start":{"line":121,"column":0},"end":{"line":121,"column":78}}},"fnMap":{"0":{"name":"userRegister","decl":{"start":{"line":5,"column":15},"end":{"line":5,"column":27}},"loc":{"start":{"line":5,"column":38},"end":{"line":33,"column":1}},"line":5},"1":{"name":"userLogin","decl":{"start":{"line":35,"column":15},"end":{"line":35,"column":24}},"loc":{"start":{"line":35,"column":35},"end":{"line":69,"column":1}},"line":35},"2":{"name":"authUser","decl":{"start":{"line":71,"column":15},"end":{"line":71,"column":23}},"loc":{"start":{"line":71,"column":34},"end":{"line":86,"column":1}},"line":71},"3":{"name":"getAllUser","decl":{"start":{"line":88,"column":15},"end":{"line":88,"column":25}},"loc":{"start":{"line":88,"column":36},"end":{"line":103,"column":1}},"line":88},"4":{"name":"deleteUser","decl":{"start":{"line":105,"column":15},"end":{"line":105,"column":25}},"loc":{"start":{"line":105,"column":36},"end":{"line":119,"column":1}},"line":105}},"branchMap":{"0":{"loc":{"start":{"line":8,"column":8},"end":{"line":13,"column":9}},"type":"if","locations":[{"start":{"line":8,"column":8},"end":{"line":13,"column":9}},{"start":{},"end":{}}],"line":8},"1":{"loc":{"start":{"line":38,"column":8},"end":{"line":43,"column":9}},"type":"if","locations":[{"start":{"line":38,"column":8},"end":{"line":43,"column":9}},{"start":{},"end":{}}],"line":38},"2":{"loc":{"start":{"line":45,"column":8},"end":{"line":50,"column":9}},"type":"if","locations":[{"start":{"line":45,"column":8},"end":{"line":50,"column":9}},{"start":{},"end":{}}],"line":45}},"s":{"0":1,"1":1,"2":1,"3":0,"4":0,"5":0,"6":0,"7":0,"8":0,"9":0,"10":0,"11":0,"12":0,"13":0,"14":0,"15":0,"16":0,"17":0,"18":0,"19":0,"20":0,"21":0,"22":0,"23":0,"24":0,"25":0,"26":0,"27":0,"28":0,"29":0,"30":0,"31":0,"32":1},"f":{"0":0,"1":0,"2":0,"3":0,"4":0},"b":{"0":[0,0],"1":[0,0],"2":[0,0]},"_coverageSchema":"1a1c01bbd47fc00a2c39e90264f33305004495a9","hash":"82098fd00220acbed8a3e5b9428402e601d8b03e"}
,"C:\\Users\\Javohir\\Desktop\\node\\express\\server\\middleware\\authMiddleware.js": {"path":"C:\\Users\\Javohir\\Desktop\\node\\express\\server\\middleware\\authMiddleware.js","statementMap":{"0":{"start":{"line":1,"column":12},"end":{"line":1,"column":35}},"1":{"start":{"line":3,"column":0},"end":{"line":16,"column":2}},"2":{"start":{"line":4,"column":4},"end":{"line":15,"column":5}},"3":{"start":{"line":5,"column":22},"end":{"line":5,"column":61}},"4":{"start":{"line":6,"column":29},"end":{"line":6,"column":70}},"5":{"start":{"line":7,"column":8},"end":{"line":7,"column":58}},"6":{"start":{"line":8,"column":8},"end":{"line":8,"column":15}},"7":{"start":{"line":10,"column":8},"end":{"line":14,"column":11}}},"fnMap":{"0":{"name":"(anonymous_0)","decl":{"start":{"line":3,"column":17},"end":{"line":3,"column":18}},"loc":{"start":{"line":3,"column":37},"end":{"line":16,"column":1}},"line":3}},"branchMap":{},"s":{"0":1,"1":1,"2":0,"3":0,"4":0,"5":0,"6":0,"7":0},"f":{"0":0},"b":{},"_coverageSchema":"1a1c01bbd47fc00a2c39e90264f33305004495a9","hash":"bc2a8633c3a13a2719dce2c708016bd0e89116fe"}
,"C:\\Users\\Javohir\\Desktop\\node\\express\\server\\models\\examModel.js": {"path":"C:\\Users\\Javohir\\Desktop\\node\\express\\server\\models\\examModel.js","statementMap":{"0":{"start":{"line":1,"column":17},"end":{"line":1,"column":36}},"1":{"start":{"line":3,"column":19},"end":{"line":24,"column":2}},"2":{"start":{"line":26,"column":13},"end":{"line":26,"column":48}},"3":{"start":{"line":27,"column":0},"end":{"line":27,"column":22}}},"fnMap":{},"branchMap":{},"s":{"0":1,"1":1,"2":1,"3":1},"f":{},"b":{},"_coverageSchema":"1a1c01bbd47fc00a2c39e90264f33305004495a9","hash":"3d4316b0468ec6a9e30dbb8889864707d1d22390"}
,"C:\\Users\\Javohir\\Desktop\\node\\express\\server\\models\\questionModel.js": {"path":"C:\\Users\\Javohir\\Desktop\\node\\express\\server\\models\\questionModel.js","statementMap":{"0":{"start":{"line":1,"column":17},"end":{"line":1,"column":36}},"1":{"start":{"line":3,"column":23},"end":{"line":22,"column":2}},"2":{"start":{"line":24,"column":17},"end":{"line":24,"column":60}},"3":{"start":{"line":26,"column":0},"end":{"line":26,"column":26}}},"fnMap":{},"branchMap":{},"s":{"0":1,"1":1,"2":1,"3":1},"f":{},"b":{},"_coverageSchema":"1a1c01bbd47fc00a2c39e90264f33305004495a9","hash":"7bc9eb01b8b89f446f8faed7288f04077445844a"}
,"C:\\Users\\Javohir\\Desktop\\node\\express\\server\\models\\users.js": {"path":"C:\\Users\\Javohir\\Desktop\\node\\express\\server\\models\\users.js","statementMap":{"0":{"start":{"line":1,"column":17},"end":{"line":1,"column":36}},"1":{"start":{"line":2,"column":19},"end":{"line":23,"column":2}},"2":{"start":{"line":25,"column":18},"end":{"line":25,"column":53}},"3":{"start":{"line":26,"column":0},"end":{"line":26,"column":26}}},"fnMap":{},"branchMap":{},"s":{"0":1,"1":1,"2":1,"3":1},"f":{},"b":{},"_coverageSchema":"1a1c01bbd47fc00a2c39e90264f33305004495a9","hash":"f1050abab48d7523e39ffcc18436d51e30473d29"}
,"C:\\Users\\Javohir\\Desktop\\node\\express\\server\\routes\\examRoutes.js": {"path":"C:\\Users\\Javohir\\Desktop\\node\\express\\server\\routes\\examRoutes.js","statementMap":{"0":{"start":{"line":1,"column":15},"end":{"line":1,"column":42}},"1":{"start":{"line":2,"column":23},"end":{"line":2,"column":62}},"2":{"start":{"line":4,"column":67},"end":{"line":4,"column":107}},"3":{"start":{"line":6,"column":0},"end":{"line":6,"column":48}},"4":{"start":{"line":8,"column":0},"end":{"line":8,"column":49}},"5":{"start":{"line":10,"column":0},"end":{"line":10,"column":69}},"6":{"start":{"line":12,"column":0},"end":{"line":12,"column":65}},"7":{"start":{"line":14,"column":0},"end":{"line":14,"column":24}}},"fnMap":{},"branchMap":{},"s":{"0":1,"1":1,"2":1,"3":1,"4":1,"5":1,"6":1,"7":1},"f":{},"b":{},"_coverageSchema":"1a1c01bbd47fc00a2c39e90264f33305004495a9","hash":"4d9ee0d754a5d7626c8d241981e18a4d0e9ea7c1"}
,"C:\\Users\\Javohir\\Desktop\\node\\express\\server\\routes\\userRoutes.js": {"path":"C:\\Users\\Javohir\\Desktop\\node\\express\\server\\routes\\userRoutes.js","statementMap":{"0":{"start":{"line":1,"column":70},"end":{"line":1,"column":113}},"1":{"start":{"line":2,"column":23},"end":{"line":2,"column":65}},"2":{"start":{"line":4,"column":15},"end":{"line":4,"column":42}},"3":{"start":{"line":7,"column":0},"end":{"line":7,"column":39}},"4":{"start":{"line":10,"column":0},"end":{"line":10,"column":33}},"5":{"start":{"line":13,"column":0},"end":{"line":13,"column":55}},"6":{"start":{"line":16,"column":0},"end":{"line":16,"column":41}},"7":{"start":{"line":19,"column":0},"end":{"line":19,"column":59}},"8":{"start":{"line":21,"column":0},"end":{"line":21,"column":24}}},"fnMap":{},"branchMap":{},"s":{"0":1,"1":1,"2":1,"3":1,"4":1,"5":1,"6":1,"7":1,"8":1},"f":{},"b":{},"_coverageSchema":"1a1c01bbd47fc00a2c39e90264f33305004495a9","hash":"329fbbb9dac80c028915cb36d8580ce7e3cc3b77"}
}
