TN:
SF:api.js
FN:4,(anonymous_0)
FN:17,(anonymous_1)
FNF:2
FNH:2
FNDA:1,(anonymous_0)
FNDA:1,(anonymous_1)
DA:1,1
DA:2,1
DA:4,1
DA:5,1
DA:6,1
DA:7,1
DA:12,0
DA:17,1
DA:18,1
DA:19,1
DA:20,1
DA:21,1
DA:26,0
DA:30,1
LF:14
LH:12
BRF:0
BRH:0
end_of_record
TN:
SF:app.js
FNF:0
FNH:0
DA:1,1
DA:2,1
DA:3,1
DA:5,1
DA:6,1
DA:8,1
DA:10,1
DA:11,1
DA:13,1
DA:14,1
DA:15,1
DA:17,1
DA:18,1
DA:19,1
DA:22,1
LF:15
LH:15
BRF:0
BRH:0
end_of_record
TN:
SF:config\db.js
FN:5,(anonymous_0)
FNF:1
FNH:1
FNDA:1,(anonymous_0)
DA:1,1
DA:2,1
DA:3,1
DA:5,1
DA:6,1
DA:7,1
DA:8,1
DA:10,0
DA:11,0
DA:15,1
LF:10
LH:8
BRF:0
BRH:0
end_of_record
TN:
SF:controllers\examController.js
FN:5,createExam
FN:44,getExam
FN:62,addQuestionToExam
FN:80,deleteQuestion
FN:100,(anonymous_4)
FNF:5
FNH:0
FNDA:0,createExam
FNDA:0,getExam
FNDA:0,addQuestionToExam
FNDA:0,deleteQuestion
FNDA:0,(anonymous_4)
DA:1,1
DA:2,1
DA:3,1
DA:6,0
DA:7,0
DA:9,0
DA:10,0
DA:11,0
DA:18,0
DA:26,0
DA:29,0
DA:35,0
DA:45,0
DA:46,0
DA:47,0
DA:53,0
DA:63,0
DA:64,0
DA:65,0
DA:67,0
DA:72,0
DA:81,0
DA:82,0
DA:83,0
DA:84,0
DA:90,0
DA:91,0
DA:92,0
DA:98,0
DA:100,0
DA:101,0
DA:103,0
DA:108,0
DA:116,1
LF:34
LH:4
BRDA:10,0,0,0
BRDA:10,0,1,0
BRDA:83,1,0,0
BRDA:83,1,1,0
BRDA:91,2,0,0
BRDA:91,2,1,0
BRF:6
BRH:0
end_of_record
TN:
SF:controllers\userController.js
FN:5,userRegister
FN:35,userLogin
FN:71,authUser
FN:88,getAllUser
FN:105,deleteUser
FNF:5
FNH:0
FNDA:0,userRegister
FNDA:0,userLogin
FNDA:0,authUser
FNDA:0,getAllUser
FNDA:0,deleteUser
DA:1,1
DA:2,1
DA:3,1
DA:6,0
DA:7,0
DA:8,0
DA:9,0
DA:14,0
DA:21,0
DA:27,0
DA:36,0
DA:37,0
DA:38,0
DA:39,0
DA:44,0
DA:45,0
DA:46,0
DA:51,0
DA:57,0
DA:63,0
DA:72,0
DA:73,0
DA:74,0
DA:80,0
DA:89,0
DA:90,0
DA:91,0
DA:97,0
DA:106,0
DA:107,0
DA:108,0
DA:113,0
DA:121,1
LF:33
LH:4
BRDA:8,0,0,0
BRDA:8,0,1,0
BRDA:38,1,0,0
BRDA:38,1,1,0
BRDA:45,2,0,0
BRDA:45,2,1,0
BRF:6
BRH:0
end_of_record
TN:
SF:middleware\authMiddleware.js
FN:3,(anonymous_0)
FNF:1
FNH:0
FNDA:0,(anonymous_0)
DA:1,1
DA:3,1
DA:4,0
DA:5,0
DA:6,0
DA:7,0
DA:8,0
DA:10,0
LF:8
LH:2
BRF:0
BRH:0
end_of_record
TN:
SF:models\examModel.js
FNF:0
FNH:0
DA:1,1
DA:3,1
DA:26,1
DA:27,1
LF:4
LH:4
BRF:0
BRH:0
end_of_record
TN:
SF:models\questionModel.js
FNF:0
FNH:0
DA:1,1
DA:3,1
DA:24,1
DA:26,1
LF:4
LH:4
BRF:0
BRH:0
end_of_record
TN:
SF:models\users.js
FNF:0
FNH:0
DA:1,1
DA:2,1
DA:25,1
DA:26,1
LF:4
LH:4
BRF:0
BRH:0
end_of_record
TN:
SF:routes\examRoutes.js
FNF:0
FNH:0
DA:1,1
DA:2,1
DA:4,1
DA:6,1
DA:8,1
DA:10,1
DA:12,1
DA:14,1
LF:8
LH:8
BRF:0
BRH:0
end_of_record
TN:
SF:routes\userRoutes.js
FNF:0
FNH:0
DA:1,1
DA:2,1
DA:4,1
DA:7,1
DA:10,1
DA:13,1
DA:16,1
DA:19,1
DA:21,1
LF:9
LH:9
BRF:0
BRH:0
end_of_record
